<?xml version="1.0" encoding="UTF-8"?>
<!-- Generated by org.testng.reporters.JUnitXMLReporter -->
<testsuite hostname="QAPLANET-PC" ignored="0" name="Default test" tests="11" failures="0" timestamp="16 Dec 2019 07:19:20 GMT" time="106.313" errors="0">
  <testcase name="TC1_1" time="5.621" classname="HRM.LoginTest"/>
  <testcase name="TC1_2" time="4.512" classname="HRM.LoginTest"/>
  <testcase name="TC1_3" time="0.474" classname="HRM.LoginTest"/>
  <testcase name="TC1_4" time="0.238" classname="HRM.LoginTest"/>
  <testcase name="TC1_5" time="0.225" classname="HRM.LoginTest"/>
  <testcase name="TC1_6" time="0.216" classname="HRM.LoginTest"/>
  <testcase name="TC1_7" time="0.263" classname="HRM.LoginTest"/>
  <testcase name="TC1_8" time="24.145" classname="HRM.LoginTest"/>
  <testcase name="TC1_9" time="9.247" classname="HRM.LoginTest"/>
  <testcase name="TC1_10" time="9.207" classname="HRM.LoginTest"/>
  <testcase name="TC1_11" time="5.393" classname="HRM.LoginTest"/>
</testsuite> <!-- Default test -->
