<?xml version="1.0" encoding="UTF-8"?>
<!-- Generated by org.testng.reporters.JUnitXMLReporter -->
<testsuite hostname="QAPLANET-PC" ignored="0" name="Default test" tests="26" failures="0" timestamp="13 Dec 2019 10:10:22 GMT" time="345.186" errors="0">
  <testcase name="TC1_1" time="5.238" classname="HRM.LoginTest"/>
  <testcase name="TC2_1" time="7.14" classname="HRM.adminTest"/>
  <testcase name="TC1_2" time="4.513" classname="HRM.LoginTest"/>
  <testcase name="TC2_2" time="6.739" classname="HRM.adminTest"/>
  <testcase name="TC1_3" time="0.48" classname="HRM.LoginTest"/>
  <testcase name="TC2_3" time="7.323" classname="HRM.adminTest"/>
  <testcase name="TC1_4" time="0.302" classname="HRM.LoginTest"/>
  <testcase name="TC2_4" time="6.873" classname="HRM.adminTest"/>
  <testcase name="TC1_5" time="0.216" classname="HRM.LoginTest"/>
  <testcase name="TC2_5" time="6.847" classname="HRM.adminTest"/>
  <testcase name="TC1_6" time="0.197" classname="HRM.LoginTest"/>
  <testcase name="TC2_6" time="6.909" classname="HRM.adminTest"/>
  <testcase name="TC1_7" time="0.324" classname="HRM.LoginTest"/>
  <testcase name="TC2_7" time="6.892" classname="HRM.adminTest"/>
  <testcase name="TC1_8" time="16.578" classname="HRM.LoginTest"/>
  <testcase name="TC2_8" time="6.816" classname="HRM.adminTest"/>
  <testcase name="TC1_9" time="14.111" classname="HRM.LoginTest"/>
  <testcase name="TC2_9" time="6.755" classname="HRM.adminTest"/>
  <testcase name="TC1_10" time="9.701" classname="HRM.LoginTest"/>
  <testcase name="TC2_10" time="6.697" classname="HRM.adminTest"/>
  <testcase name="TC1_11" time="5.292" classname="HRM.LoginTest"/>
  <testcase name="TC2_11" time="6.782" classname="HRM.adminTest"/>
  <testcase name="TC2_12" time="6.917" classname="HRM.adminTest"/>
  <testcase name="TC2_13" time="6.815" classname="HRM.adminTest"/>
  <testcase name="TC2_14" time="6.699" classname="HRM.adminTest"/>
  <testcase name="TC2_15" time="6.752" classname="HRM.adminTest"/>
</testsuite> <!-- Default test -->
