<?xml version="1.0" encoding="UTF-8"?>
<!-- Generated by org.testng.reporters.JUnitXMLReporter -->
<testsuite hostname="QAPLANET-PC" ignored="0" name="Test 1" tests="15" failures="0" timestamp="14 Dec 2019 07:52:21 GMT" time="0.25" errors="0">
  <testcase name="@BeforeMethod browser" time="0.0" classname="HRM.adminTest">
    <failure type="java.lang.IllegalStateException" message="The path to the driver executable must be set by the webdriver.gecko.driver system property; for more information, see https://github.com/mozilla/geckodriver. The latest version can be downloaded from https://github.com/mozilla/geckodriver/releases">
      <![CDATA[java.lang.IllegalStateException: The path to the driver executable must be set by the webdriver.gecko.driver system property; for more information, see https://github.com/mozilla/geckodriver. The latest version can be downloaded from https://github.com/mozilla/geckodriver/releases
	at com.google.common.base.Preconditions.checkState(Preconditions.java:847)
	at org.openqa.selenium.remote.service.DriverService.findExecutable(DriverService.java:134)
	at org.openqa.selenium.firefox.GeckoDriverService.access$100(GeckoDriverService.java:44)
	at org.openqa.selenium.firefox.GeckoDriverService$Builder.findDefaultExecutable(GeckoDriverService.java:167)
	at org.openqa.selenium.remote.service.DriverService$Builder.build(DriverService.java:355)
	at org.openqa.selenium.firefox.FirefoxDriver.toExecutor(FirefoxDriver.java:190)
	at org.openqa.selenium.firefox.FirefoxDriver.<init>(FirefoxDriver.java:147)
	at org.openqa.selenium.firefox.FirefoxDriver.<init>(FirefoxDriver.java:125)
	at HRM.adminTest.browser(adminTest.java:46)
... Removed 27 stack frames]]>
    </failure>
  </testcase> <!-- @BeforeMethod browser -->
  <testcase name="@AfterMethod bclose" time="0.0" classname="HRM.adminTest">
    <skipped/>
  </testcase> <!-- @AfterMethod bclose -->
  <testcase name="@BeforeMethod browser" time="0.0" classname="HRM.adminTest">
    <skipped/>
  </testcase> <!-- @BeforeMethod browser -->
  <testcase name="@AfterMethod bclose" time="0.0" classname="HRM.adminTest">
    <skipped/>
  </testcase> <!-- @AfterMethod bclose -->
  <testcase name="@BeforeMethod browser" time="0.0" classname="HRM.adminTest">
    <skipped/>
  </testcase> <!-- @BeforeMethod browser -->
  <testcase name="@AfterMethod bclose" time="0.0" classname="HRM.adminTest">
    <skipped/>
  </testcase> <!-- @AfterMethod bclose -->
  <testcase name="@BeforeMethod browser" time="0.0" classname="HRM.adminTest">
    <skipped/>
  </testcase> <!-- @BeforeMethod browser -->
  <testcase name="@AfterMethod bclose" time="0.0" classname="HRM.adminTest">
    <skipped/>
  </testcase> <!-- @AfterMethod bclose -->
  <testcase name="@BeforeMethod browser" time="0.0" classname="HRM.adminTest">
    <skipped/>
  </testcase> <!-- @BeforeMethod browser -->
  <testcase name="@AfterMethod bclose" time="0.0" classname="HRM.adminTest">
    <skipped/>
  </testcase> <!-- @AfterMethod bclose -->
  <testcase name="@BeforeMethod browser" time="0.0" classname="HRM.adminTest">
    <skipped/>
  </testcase> <!-- @BeforeMethod browser -->
  <testcase name="@AfterMethod bclose" time="0.0" classname="HRM.adminTest">
    <skipped/>
  </testcase> <!-- @AfterMethod bclose -->
  <testcase name="@BeforeMethod browser" time="0.0" classname="HRM.adminTest">
    <skipped/>
  </testcase> <!-- @BeforeMethod browser -->
  <testcase name="@AfterMethod bclose" time="0.0" classname="HRM.adminTest">
    <skipped/>
  </testcase> <!-- @AfterMethod bclose -->
  <testcase name="@BeforeMethod browser" time="0.0" classname="HRM.adminTest">
    <skipped/>
  </testcase> <!-- @BeforeMethod browser -->
  <testcase name="@AfterMethod bclose" time="0.0" classname="HRM.adminTest">
    <skipped/>
  </testcase> <!-- @AfterMethod bclose -->
  <testcase name="@BeforeMethod browser" time="0.0" classname="HRM.adminTest">
    <skipped/>
  </testcase> <!-- @BeforeMethod browser -->
  <testcase name="@AfterMethod bclose" time="0.0" classname="HRM.adminTest">
    <skipped/>
  </testcase> <!-- @AfterMethod bclose -->
  <testcase name="@BeforeMethod browser" time="0.0" classname="HRM.adminTest">
    <skipped/>
  </testcase> <!-- @BeforeMethod browser -->
  <testcase name="@AfterMethod bclose" time="0.0" classname="HRM.adminTest">
    <skipped/>
  </testcase> <!-- @AfterMethod bclose -->
  <testcase name="@BeforeMethod browser" time="0.0" classname="HRM.adminTest">
    <skipped/>
  </testcase> <!-- @BeforeMethod browser -->
  <testcase name="@AfterMethod bclose" time="0.0" classname="HRM.adminTest">
    <skipped/>
  </testcase> <!-- @AfterMethod bclose -->
  <testcase name="@BeforeMethod browser" time="0.0" classname="HRM.adminTest">
    <skipped/>
  </testcase> <!-- @BeforeMethod browser -->
  <testcase name="@AfterMethod bclose" time="0.0" classname="HRM.adminTest">
    <skipped/>
  </testcase> <!-- @AfterMethod bclose -->
  <testcase name="@BeforeMethod browser" time="0.0" classname="HRM.adminTest">
    <skipped/>
  </testcase> <!-- @BeforeMethod browser -->
  <testcase name="@AfterMethod bclose" time="0.0" classname="HRM.adminTest">
    <skipped/>
  </testcase> <!-- @AfterMethod bclose -->
  <testcase name="@BeforeMethod browser" time="0.0" classname="HRM.adminTest">
    <skipped/>
  </testcase> <!-- @BeforeMethod browser -->
  <testcase name="@AfterMethod bclose" time="0.0" classname="HRM.adminTest">
    <skipped/>
  </testcase> <!-- @AfterMethod bclose -->
  <testcase name="@BeforeMethod browser" time="0.0" classname="HRM.adminTest">
    <skipped/>
  </testcase> <!-- @BeforeMethod browser -->
  <testcase name="@AfterMethod bclose" time="0.0" classname="HRM.adminTest">
    <skipped/>
  </testcase> <!-- @AfterMethod bclose -->
  <testcase name="TC2_1" time="0.0" classname="HRM.adminTest">
    <skipped/>
  </testcase> <!-- TC2_1 -->
  <testcase name="TC2_2" time="0.0" classname="HRM.adminTest">
    <skipped/>
  </testcase> <!-- TC2_2 -->
  <testcase name="TC2_3" time="0.0" classname="HRM.adminTest">
    <skipped/>
  </testcase> <!-- TC2_3 -->
  <testcase name="TC2_4" time="0.016" classname="HRM.adminTest">
    <skipped/>
  </testcase> <!-- TC2_4 -->
  <testcase name="TC2_5" time="0.0" classname="HRM.adminTest">
    <skipped/>
  </testcase> <!-- TC2_5 -->
  <testcase name="TC2_6" time="0.0" classname="HRM.adminTest">
    <skipped/>
  </testcase> <!-- TC2_6 -->
  <testcase name="TC2_7" time="0.0" classname="HRM.adminTest">
    <skipped/>
  </testcase> <!-- TC2_7 -->
  <testcase name="TC2_8" time="0.0" classname="HRM.adminTest">
    <skipped/>
  </testcase> <!-- TC2_8 -->
  <testcase name="TC2_9" time="0.0" classname="HRM.adminTest">
    <skipped/>
  </testcase> <!-- TC2_9 -->
  <testcase name="TC2_10" time="0.0" classname="HRM.adminTest">
    <skipped/>
  </testcase> <!-- TC2_10 -->
  <testcase name="TC2_11" time="0.0" classname="HRM.adminTest">
    <skipped/>
  </testcase> <!-- TC2_11 -->
  <testcase name="TC2_12" time="0.0" classname="HRM.adminTest">
    <skipped/>
  </testcase> <!-- TC2_12 -->
  <testcase name="TC2_13" time="0.0" classname="HRM.adminTest">
    <skipped/>
  </testcase> <!-- TC2_13 -->
  <testcase name="TC2_14" time="0.0" classname="HRM.adminTest">
    <skipped/>
  </testcase> <!-- TC2_14 -->
  <testcase name="TC2_15" time="0.0" classname="HRM.adminTest">
    <skipped/>
  </testcase> <!-- TC2_15 -->
</testsuite> <!-- Test 1 -->
