<?xml version="1.0" encoding="UTF-8"?>
<!-- Generated by org.testng.reporters.JUnitXMLReporter -->
<testsuite hostname="QAPLANET-PC" ignored="0" name="Test1" tests="11" failures="1" timestamp="16 Dec 2019 11:46:18 GMT" time="22.935" errors="0">
  <testcase name="@BeforeMethod b" time="0.0" classname="HRM.LoginTest">
    <failure type="org.openqa.selenium.SessionNotCreatedException" message="session not created
from chrome not reachable
  (Session info: chrome=79.0.3945.79)
Build info: version: &amp;apos;3.141.59&amp;apos;, revision: &amp;apos;e82be7d358&amp;apos;, time: &amp;apos;2018-11-14T08:25:53&amp;apos;
System info: host: &amp;apos;QAPLANET-PC&amp;apos;, ip: &amp;apos;192.168.0.114&amp;apos;, os.name: &amp;apos;Windows 7&amp;apos;, os.arch: &amp;apos;x86&amp;apos;, os.version: &amp;apos;6.1&amp;apos;, java.version: &amp;apos;1.8.0_231&amp;apos;
Driver info: driver.version: ChromeDriver
remote stacktrace: Backtrace:
	Ordinal0 [0x011FA923+1550627]
	Ordinal0 [0x0117A731+1025841]
	Ordinal0 [0x010FC5BE+509374]
	Ordinal0 [0x010F62F2+484082]
	Ordinal0 [0x010F69CB+485835]
	Ordinal0 [0x010F7B35+490293]
	Ordinal0 [0x010F3AB5+473781]
	Ordinal0 [0x010FD360+512864]
	Ordinal0 [0x010AB649+177737]
	Ordinal0 [0x010AA8ED+174317]
	Ordinal0 [0x010A8CDB+167131]
	Ordinal0 [0x0109144A+70730]
	Ordinal0 [0x010924D0+74960]
	Ordinal0 [0x01092469+74857]
	Ordinal0 [0x011942F7+1131255]
	GetHandleVerifier [0x0129711D+523789]
	GetHandleVerifier [0x01296EB0+523168]
	GetHandleVerifier [0x0129E207+552695]
	GetHandleVerifier [0x0129791A+525834]
	Ordinal0 [0x0118B82C+1095724]
	Ordinal0 [0x0119636B+1139563]
	Ordinal0 [0x011964D3+1139923]
	Ordinal0 [0x01195455+1135701]
	BaseThreadInitThunk [0x7728EF3C+18]
	RtlInitializeExceptionChain [0x77913688+239]
	RtlInitializeExceptionChain [0x7791365B+194]
">
      <![CDATA[org.openqa.selenium.SessionNotCreatedException: session not created
from chrome not reachable
  (Session info: chrome=79.0.3945.79)
Build info: version: '3.141.59', revision: 'e82be7d358', time: '2018-11-14T08:25:53'
System info: host: 'QAPLANET-PC', ip: '192.168.0.114', os.name: 'Windows 7', os.arch: 'x86', os.version: '6.1', java.version: '1.8.0_231'
Driver info: driver.version: ChromeDriver
remote stacktrace: Backtrace:
	Ordinal0 [0x011FA923+1550627]
	Ordinal0 [0x0117A731+1025841]
	Ordinal0 [0x010FC5BE+509374]
	Ordinal0 [0x010F62F2+484082]
	Ordinal0 [0x010F69CB+485835]
	Ordinal0 [0x010F7B35+490293]
	Ordinal0 [0x010F3AB5+473781]
	Ordinal0 [0x010FD360+512864]
	Ordinal0 [0x010AB649+177737]
	Ordinal0 [0x010AA8ED+174317]
	Ordinal0 [0x010A8CDB+167131]
	Ordinal0 [0x0109144A+70730]
	Ordinal0 [0x010924D0+74960]
	Ordinal0 [0x01092469+74857]
	Ordinal0 [0x011942F7+1131255]
	GetHandleVerifier [0x0129711D+523789]
	GetHandleVerifier [0x01296EB0+523168]
	GetHandleVerifier [0x0129E207+552695]
	GetHandleVerifier [0x0129791A+525834]
	Ordinal0 [0x0118B82C+1095724]
	Ordinal0 [0x0119636B+1139563]
	Ordinal0 [0x011964D3+1139923]
	Ordinal0 [0x01195455+1135701]
	BaseThreadInitThunk [0x7728EF3C+18]
	RtlInitializeExceptionChain [0x77913688+239]
	RtlInitializeExceptionChain [0x7791365B+194]

	at org.openqa.selenium.remote.W3CHandshakeResponse.lambda$errorHandler$0(W3CHandshakeResponse.java:62)
	at org.openqa.selenium.remote.HandshakeResponse.lambda$getResponseFunction$0(HandshakeResponse.java:30)
	at org.openqa.selenium.remote.ProtocolHandshake.lambda$createSession$0(ProtocolHandshake.java:126)
	at java.util.stream.ReferencePipeline$3$1.accept(Unknown Source)
	at java.util.Spliterators$ArraySpliterator.tryAdvance(Unknown Source)
	at java.util.stream.ReferencePipeline.forEachWithCancel(Unknown Source)
	at java.util.stream.AbstractPipeline.copyIntoWithCancel(Unknown Source)
	at java.util.stream.AbstractPipeline.copyInto(Unknown Source)
	at java.util.stream.AbstractPipeline.wrapAndCopyInto(Unknown Source)
	at java.util.stream.FindOps$FindOp.evaluateSequential(Unknown Source)
	at java.util.stream.AbstractPipeline.evaluate(Unknown Source)
	at java.util.stream.ReferencePipeline.findFirst(Unknown Source)
	at org.openqa.selenium.remote.ProtocolHandshake.createSession(ProtocolHandshake.java:128)
	at org.openqa.selenium.remote.ProtocolHandshake.createSession(ProtocolHandshake.java:74)
	at org.openqa.selenium.remote.HttpCommandExecutor.execute(HttpCommandExecutor.java:136)
	at org.openqa.selenium.remote.service.DriverCommandExecutor.execute(DriverCommandExecutor.java:83)
	at org.openqa.selenium.remote.RemoteWebDriver.execute(RemoteWebDriver.java:552)
	at org.openqa.selenium.remote.RemoteWebDriver.startSession(RemoteWebDriver.java:213)
	at org.openqa.selenium.remote.RemoteWebDriver.<init>(RemoteWebDriver.java:131)
	at org.openqa.selenium.chrome.ChromeDriver.<init>(ChromeDriver.java:181)
	at org.openqa.selenium.chrome.ChromeDriver.<init>(ChromeDriver.java:168)
	at org.openqa.selenium.chrome.ChromeDriver.<init>(ChromeDriver.java:123)
	at HRM.LoginTest.b(LoginTest.java:27)
... Removed 31 stack frames]]>
    </failure>
  </testcase> <!-- @BeforeMethod b -->
  <testcase name="@AfterMethod bclose" time="0.0" classname="HRM.LoginTest">
    <skipped/>
  </testcase> <!-- @AfterMethod bclose -->
  <testcase name="@BeforeMethod b" time="0.0" classname="HRM.LoginTest">
    <skipped/>
  </testcase> <!-- @BeforeMethod b -->
  <testcase name="@AfterMethod bclose" time="0.0" classname="HRM.LoginTest">
    <skipped/>
  </testcase> <!-- @AfterMethod bclose -->
  <testcase name="@BeforeMethod b" time="0.0" classname="HRM.LoginTest">
    <skipped/>
  </testcase> <!-- @BeforeMethod b -->
  <testcase name="@AfterMethod bclose" time="0.0" classname="HRM.LoginTest">
    <skipped/>
  </testcase> <!-- @AfterMethod bclose -->
  <testcase name="@BeforeMethod b" time="0.0" classname="HRM.LoginTest">
    <skipped/>
  </testcase> <!-- @BeforeMethod b -->
  <testcase name="@AfterMethod bclose" time="0.0" classname="HRM.LoginTest">
    <skipped/>
  </testcase> <!-- @AfterMethod bclose -->
  <testcase name="@BeforeMethod b" time="0.0" classname="HRM.LoginTest">
    <skipped/>
  </testcase> <!-- @BeforeMethod b -->
  <testcase name="@AfterMethod bclose" time="0.0" classname="HRM.LoginTest">
    <skipped/>
  </testcase> <!-- @AfterMethod bclose -->
  <testcase name="@BeforeMethod b" time="0.0" classname="HRM.LoginTest">
    <skipped/>
  </testcase> <!-- @BeforeMethod b -->
  <testcase name="@AfterMethod bclose" time="0.0" classname="HRM.LoginTest">
    <skipped/>
  </testcase> <!-- @AfterMethod bclose -->
  <testcase name="@BeforeMethod b" time="0.0" classname="HRM.LoginTest">
    <skipped/>
  </testcase> <!-- @BeforeMethod b -->
  <testcase name="@AfterMethod bclose" time="0.0" classname="HRM.LoginTest">
    <skipped/>
  </testcase> <!-- @AfterMethod bclose -->
  <testcase name="TC1_1" time="10.497" classname="HRM.LoginTest">
    <failure type="org.openqa.selenium.WebDriverException" message="chrome not reachable
  (Session info: chrome=79.0.3945.79)
Build info: version: &amp;apos;3.141.59&amp;apos;, revision: &amp;apos;e82be7d358&amp;apos;, time: &amp;apos;2018-11-14T08:25:53&amp;apos;
System info: host: &amp;apos;QAPLANET-PC&amp;apos;, ip: &amp;apos;192.168.0.114&amp;apos;, os.name: &amp;apos;Windows 7&amp;apos;, os.arch: &amp;apos;x86&amp;apos;, os.version: &amp;apos;6.1&amp;apos;, java.version: &amp;apos;1.8.0_231&amp;apos;
Driver info: org.openqa.selenium.chrome.ChromeDriver
Capabilities {acceptInsecureCerts: false, browserName: chrome, browserVersion: 79.0.3945.79, chrome: {chromedriverVersion: 78.0.3904.105 (60e2d8774a81..., userDataDir: C:\Users\QA3\AppData\Local\...}, goog:chromeOptions: {debuggerAddress: localhost:54993}, javascriptEnabled: true, networkConnectionEnabled: false, pageLoadStrategy: normal, platform: XP, platformName: XP, proxy: Proxy(), setWindowRect: true, strictFileInteractability: false, timeouts: {implicit: 0, pageLoad: 300000, script: 30000}, unhandledPromptBehavior: dismiss and notify}
Session ID: c4c2156c041889d2b628aa8e4747e422">
      <![CDATA[org.openqa.selenium.WebDriverException: chrome not reachable
  (Session info: chrome=79.0.3945.79)
Build info: version: '3.141.59', revision: 'e82be7d358', time: '2018-11-14T08:25:53'
System info: host: 'QAPLANET-PC', ip: '192.168.0.114', os.name: 'Windows 7', os.arch: 'x86', os.version: '6.1', java.version: '1.8.0_231'
Driver info: org.openqa.selenium.chrome.ChromeDriver
Capabilities {acceptInsecureCerts: false, browserName: chrome, browserVersion: 79.0.3945.79, chrome: {chromedriverVersion: 78.0.3904.105 (60e2d8774a81..., userDataDir: C:\Users\QA3\AppData\Local\...}, goog:chromeOptions: {debuggerAddress: localhost:54993}, javascriptEnabled: true, networkConnectionEnabled: false, pageLoadStrategy: normal, platform: XP, platformName: XP, proxy: Proxy(), setWindowRect: true, strictFileInteractability: false, timeouts: {implicit: 0, pageLoad: 300000, script: 30000}, unhandledPromptBehavior: dismiss and notify}
Session ID: c4c2156c041889d2b628aa8e4747e422
	at org.openqa.selenium.remote.http.W3CHttpResponseCodec.createException(W3CHttpResponseCodec.java:187)
	at org.openqa.selenium.remote.http.W3CHttpResponseCodec.decode(W3CHttpResponseCodec.java:122)
	at org.openqa.selenium.remote.http.W3CHttpResponseCodec.decode(W3CHttpResponseCodec.java:49)
	at org.openqa.selenium.remote.HttpCommandExecutor.execute(HttpCommandExecutor.java:158)
	at org.openqa.selenium.remote.service.DriverCommandExecutor.execute(DriverCommandExecutor.java:83)
	at org.openqa.selenium.remote.RemoteWebDriver.execute(RemoteWebDriver.java:552)
	at org.openqa.selenium.remote.RemoteWebDriver.execute(RemoteWebDriver.java:609)
	at org.openqa.selenium.remote.RemoteWebDriver.getTitle(RemoteWebDriver.java:281)
	at HRM.LoginTest.TC1_1(LoginTest.java:68)
... Removed 29 stack frames]]>
    </failure>
  </testcase> <!-- TC1_1 -->
  <testcase name="TC1_2" time="0.001" classname="HRM.LoginTest">
    <skipped/>
  </testcase> <!-- TC1_2 -->
  <testcase name="TC1_3" time="0.0" classname="HRM.LoginTest">
    <skipped/>
  </testcase> <!-- TC1_3 -->
  <testcase name="TC1_4" time="0.001" classname="HRM.LoginTest">
    <skipped/>
  </testcase> <!-- TC1_4 -->
  <testcase name="TC1_5" time="0.001" classname="HRM.LoginTest">
    <skipped/>
  </testcase> <!-- TC1_5 -->
  <testcase name="TC1_6" time="0.001" classname="HRM.LoginTest">
    <skipped/>
  </testcase> <!-- TC1_6 -->
  <testcase name="TC1_7" time="0.0" classname="HRM.LoginTest">
    <skipped/>
  </testcase> <!-- TC1_7 -->
  <testcase name="TC1_8" time="0.001" classname="HRM.LoginTest">
    <skipped/>
  </testcase> <!-- TC1_8 -->
  <testcase name="TC1_9" time="0.0" classname="HRM.LoginTest">
    <skipped/>
  </testcase> <!-- TC1_9 -->
  <testcase name="TC1_10" time="0.0" classname="HRM.LoginTest">
    <skipped/>
  </testcase> <!-- TC1_10 -->
  <testcase name="TC1_11" time="0.0" classname="HRM.LoginTest">
    <skipped/>
  </testcase> <!-- TC1_11 -->
</testsuite> <!-- Test1 -->
