<?xml version="1.0" encoding="UTF-8"?>
<!-- Generated by org.testng.reporters.JUnitXMLReporter -->
<testsuite hostname="QAPLANET-PC" ignored="0" name="Default test" tests="8" failures="0" timestamp="11 Dec 2019 05:29:03 GMT" time="56.953" errors="0">
  <testcase name="TC_1" time="7.827" classname="HRM.LoginTest"/>
  <testcase name="TC_2" time="4.757" classname="HRM.LoginTest"/>
  <testcase name="TC_3" time="0.502" classname="HRM.LoginTest"/>
  <testcase name="TC_4" time="0.221" classname="HRM.LoginTest"/>
  <testcase name="TC_5" time="0.241" classname="HRM.LoginTest"/>
  <testcase name="TC_6" time="0.232" classname="HRM.LoginTest"/>
  <testcase name="TC_7" time="0.25" classname="HRM.LoginTest"/>
  <testcase name="TC_8" time="6.502" classname="HRM.LoginTest"/>
</testsuite> <!-- Default test -->
