<?xml version="1.0" encoding="UTF-8"?>
<testng-results skipped="0" failed="0" ignored="0" total="11" passed="11">
  <reporter-output>
  </reporter-output>
  <suite name="Default suite" duration-ms="106313" started-at="2019-12-16T07:17:33Z" finished-at="2019-12-16T07:19:20Z">
    <groups>
      <group name="main">
        <method signature="LoginTest.TC1_1()[pri:1, instance:HRM.LoginTest@82f6ef]" name="TC1_1" class="HRM.LoginTest"/>
        <method signature="LoginTest.TC1_10()[pri:10, instance:HRM.LoginTest@82f6ef]" name="TC1_10" class="HRM.LoginTest"/>
        <method signature="LoginTest.TC1_11()[pri:11, instance:HRM.LoginTest@82f6ef]" name="TC1_11" class="HRM.LoginTest"/>
        <method signature="LoginTest.TC1_2()[pri:2, instance:HRM.LoginTest@82f6ef]" name="TC1_2" class="HRM.LoginTest"/>
        <method signature="LoginTest.TC1_3()[pri:3, instance:HRM.LoginTest@82f6ef]" name="TC1_3" class="HRM.LoginTest"/>
        <method signature="LoginTest.TC1_4()[pri:4, instance:HRM.LoginTest@82f6ef]" name="TC1_4" class="HRM.LoginTest"/>
        <method signature="LoginTest.TC1_5()[pri:5, instance:HRM.LoginTest@82f6ef]" name="TC1_5" class="HRM.LoginTest"/>
        <method signature="LoginTest.TC1_6()[pri:6, instance:HRM.LoginTest@82f6ef]" name="TC1_6" class="HRM.LoginTest"/>
        <method signature="LoginTest.TC1_7()[pri:7, instance:HRM.LoginTest@82f6ef]" name="TC1_7" class="HRM.LoginTest"/>
        <method signature="LoginTest.TC1_8()[pri:8, instance:HRM.LoginTest@82f6ef]" name="TC1_8" class="HRM.LoginTest"/>
        <method signature="LoginTest.TC1_9()[pri:9, instance:HRM.LoginTest@82f6ef]" name="TC1_9" class="HRM.LoginTest"/>
      </group> <!-- main -->
    </groups>
    <test name="Default test" duration-ms="106313" started-at="2019-12-16T07:17:33Z" finished-at="2019-12-16T07:19:20Z">
      <class name="HRM.LoginTest">
        <test-method status="PASS" signature="b()[pri:0, instance:HRM.LoginTest@82f6ef]" name="b" is-config="true" duration-ms="3823" started-at="2019-12-16T12:47:33Z" finished-at="2019-12-16T12:47:37Z">
          <reporter-output>
          </reporter-output>
        </test-method> <!-- b -->
        <test-method status="PASS" signature="TC1_1()[pri:1, instance:HRM.LoginTest@82f6ef]" name="TC1_1" duration-ms="5621" started-at="2019-12-16T12:47:37Z" finished-at="2019-12-16T12:47:43Z">
          <reporter-output>
          </reporter-output>
        </test-method> <!-- TC1_1 -->
        <test-method status="PASS" signature="bclose()[pri:0, instance:HRM.LoginTest@82f6ef]" name="bclose" is-config="true" duration-ms="624" started-at="2019-12-16T12:47:43Z" finished-at="2019-12-16T12:47:43Z">
          <reporter-output>
          </reporter-output>
        </test-method> <!-- bclose -->
        <test-method status="PASS" signature="b()[pri:0, instance:HRM.LoginTest@82f6ef]" name="b" is-config="true" duration-ms="3542" started-at="2019-12-16T12:47:43Z" finished-at="2019-12-16T12:47:47Z">
          <reporter-output>
          </reporter-output>
        </test-method> <!-- b -->
        <test-method status="PASS" signature="TC1_2()[pri:2, instance:HRM.LoginTest@82f6ef]" name="TC1_2" duration-ms="4512" started-at="2019-12-16T12:47:47Z" finished-at="2019-12-16T12:47:52Z">
          <reporter-output>
          </reporter-output>
        </test-method> <!-- TC1_2 -->
        <test-method status="PASS" signature="bclose()[pri:0, instance:HRM.LoginTest@82f6ef]" name="bclose" is-config="true" duration-ms="624" started-at="2019-12-16T12:47:52Z" finished-at="2019-12-16T12:47:52Z">
          <reporter-output>
          </reporter-output>
        </test-method> <!-- bclose -->
        <test-method status="PASS" signature="b()[pri:0, instance:HRM.LoginTest@82f6ef]" name="b" is-config="true" duration-ms="3692" started-at="2019-12-16T12:47:52Z" finished-at="2019-12-16T12:47:56Z">
          <reporter-output>
          </reporter-output>
        </test-method> <!-- b -->
        <test-method status="PASS" signature="TC1_3()[pri:3, instance:HRM.LoginTest@82f6ef]" name="TC1_3" duration-ms="474" started-at="2019-12-16T12:47:56Z" finished-at="2019-12-16T12:47:56Z">
          <reporter-output>
          </reporter-output>
        </test-method> <!-- TC1_3 -->
        <test-method status="PASS" signature="bclose()[pri:0, instance:HRM.LoginTest@82f6ef]" name="bclose" is-config="true" duration-ms="619" started-at="2019-12-16T12:47:56Z" finished-at="2019-12-16T12:47:57Z">
          <reporter-output>
          </reporter-output>
        </test-method> <!-- bclose -->
        <test-method status="PASS" signature="b()[pri:0, instance:HRM.LoginTest@82f6ef]" name="b" is-config="true" duration-ms="4011" started-at="2019-12-16T12:47:57Z" finished-at="2019-12-16T12:48:01Z">
          <reporter-output>
          </reporter-output>
        </test-method> <!-- b -->
        <test-method status="PASS" signature="TC1_4()[pri:4, instance:HRM.LoginTest@82f6ef]" name="TC1_4" duration-ms="238" started-at="2019-12-16T12:48:01Z" finished-at="2019-12-16T12:48:01Z">
          <reporter-output>
          </reporter-output>
        </test-method> <!-- TC1_4 -->
        <test-method status="PASS" signature="bclose()[pri:0, instance:HRM.LoginTest@82f6ef]" name="bclose" is-config="true" duration-ms="635" started-at="2019-12-16T12:48:01Z" finished-at="2019-12-16T12:48:02Z">
          <reporter-output>
          </reporter-output>
        </test-method> <!-- bclose -->
        <test-method status="PASS" signature="b()[pri:0, instance:HRM.LoginTest@82f6ef]" name="b" is-config="true" duration-ms="4149" started-at="2019-12-16T12:48:02Z" finished-at="2019-12-16T12:48:06Z">
          <reporter-output>
          </reporter-output>
        </test-method> <!-- b -->
        <test-method status="PASS" signature="TC1_5()[pri:5, instance:HRM.LoginTest@82f6ef]" name="TC1_5" duration-ms="225" started-at="2019-12-16T12:48:06Z" finished-at="2019-12-16T12:48:06Z">
          <reporter-output>
          </reporter-output>
        </test-method> <!-- TC1_5 -->
        <test-method status="PASS" signature="bclose()[pri:0, instance:HRM.LoginTest@82f6ef]" name="bclose" is-config="true" duration-ms="902" started-at="2019-12-16T12:48:06Z" finished-at="2019-12-16T12:48:07Z">
          <reporter-output>
          </reporter-output>
        </test-method> <!-- bclose -->
        <test-method status="PASS" signature="b()[pri:0, instance:HRM.LoginTest@82f6ef]" name="b" is-config="true" duration-ms="3534" started-at="2019-12-16T12:48:07Z" finished-at="2019-12-16T12:48:11Z">
          <reporter-output>
          </reporter-output>
        </test-method> <!-- b -->
        <test-method status="PASS" signature="TC1_6()[pri:6, instance:HRM.LoginTest@82f6ef]" name="TC1_6" duration-ms="216" started-at="2019-12-16T12:48:11Z" finished-at="2019-12-16T12:48:11Z">
          <reporter-output>
          </reporter-output>
        </test-method> <!-- TC1_6 -->
        <test-method status="PASS" signature="bclose()[pri:0, instance:HRM.LoginTest@82f6ef]" name="bclose" is-config="true" duration-ms="614" started-at="2019-12-16T12:48:11Z" finished-at="2019-12-16T12:48:11Z">
          <reporter-output>
          </reporter-output>
        </test-method> <!-- bclose -->
        <test-method status="PASS" signature="b()[pri:0, instance:HRM.LoginTest@82f6ef]" name="b" is-config="true" duration-ms="3503" started-at="2019-12-16T12:48:11Z" finished-at="2019-12-16T12:48:15Z">
          <reporter-output>
          </reporter-output>
        </test-method> <!-- b -->
        <test-method status="PASS" signature="TC1_7()[pri:7, instance:HRM.LoginTest@82f6ef]" name="TC1_7" duration-ms="263" started-at="2019-12-16T12:48:15Z" finished-at="2019-12-16T12:48:15Z">
          <reporter-output>
          </reporter-output>
        </test-method> <!-- TC1_7 -->
        <test-method status="PASS" signature="bclose()[pri:0, instance:HRM.LoginTest@82f6ef]" name="bclose" is-config="true" duration-ms="611" started-at="2019-12-16T12:48:15Z" finished-at="2019-12-16T12:48:16Z">
          <reporter-output>
          </reporter-output>
        </test-method> <!-- bclose -->
        <test-method status="PASS" signature="b()[pri:0, instance:HRM.LoginTest@82f6ef]" name="b" is-config="true" duration-ms="3223" started-at="2019-12-16T12:48:16Z" finished-at="2019-12-16T12:48:19Z">
          <reporter-output>
          </reporter-output>
        </test-method> <!-- b -->
        <test-method status="PASS" signature="TC1_8()[pri:8, instance:HRM.LoginTest@82f6ef]" name="TC1_8" duration-ms="24145" started-at="2019-12-16T12:48:19Z" finished-at="2019-12-16T12:48:43Z">
          <reporter-output>
          </reporter-output>
        </test-method> <!-- TC1_8 -->
        <test-method status="PASS" signature="bclose()[pri:0, instance:HRM.LoginTest@82f6ef]" name="bclose" is-config="true" duration-ms="725" started-at="2019-12-16T12:48:43Z" finished-at="2019-12-16T12:48:44Z">
          <reporter-output>
          </reporter-output>
        </test-method> <!-- bclose -->
        <test-method status="PASS" signature="b()[pri:0, instance:HRM.LoginTest@82f6ef]" name="b" is-config="true" duration-ms="3593" started-at="2019-12-16T12:48:44Z" finished-at="2019-12-16T12:48:48Z">
          <reporter-output>
          </reporter-output>
        </test-method> <!-- b -->
        <test-method status="PASS" signature="TC1_9()[pri:9, instance:HRM.LoginTest@82f6ef]" name="TC1_9" duration-ms="9247" started-at="2019-12-16T12:48:48Z" depends-on-methods="HRM.LoginTest.TC1_1" finished-at="2019-12-16T12:48:57Z">
          <reporter-output>
          </reporter-output>
        </test-method> <!-- TC1_9 -->
        <test-method status="PASS" signature="bclose()[pri:0, instance:HRM.LoginTest@82f6ef]" name="bclose" is-config="true" duration-ms="625" started-at="2019-12-16T12:48:57Z" finished-at="2019-12-16T12:48:57Z">
          <reporter-output>
          </reporter-output>
        </test-method> <!-- bclose -->
        <test-method status="PASS" signature="b()[pri:0, instance:HRM.LoginTest@82f6ef]" name="b" is-config="true" duration-ms="3254" started-at="2019-12-16T12:48:57Z" finished-at="2019-12-16T12:49:01Z">
          <reporter-output>
          </reporter-output>
        </test-method> <!-- b -->
        <test-method status="PASS" signature="TC1_10()[pri:10, instance:HRM.LoginTest@82f6ef]" name="TC1_10" duration-ms="9207" started-at="2019-12-16T12:49:01Z" depends-on-methods="HRM.LoginTest.TC1_1" finished-at="2019-12-16T12:49:10Z">
          <reporter-output>
          </reporter-output>
        </test-method> <!-- TC1_10 -->
        <test-method status="PASS" signature="bclose()[pri:0, instance:HRM.LoginTest@82f6ef]" name="bclose" is-config="true" duration-ms="624" started-at="2019-12-16T12:49:10Z" finished-at="2019-12-16T12:49:11Z">
          <reporter-output>
          </reporter-output>
        </test-method> <!-- bclose -->
        <test-method status="PASS" signature="b()[pri:0, instance:HRM.LoginTest@82f6ef]" name="b" is-config="true" duration-ms="3193" started-at="2019-12-16T12:49:11Z" finished-at="2019-12-16T12:49:14Z">
          <reporter-output>
          </reporter-output>
        </test-method> <!-- b -->
        <test-method status="PASS" signature="TC1_11()[pri:11, instance:HRM.LoginTest@82f6ef]" name="TC1_11" duration-ms="5393" started-at="2019-12-16T12:49:14Z" depends-on-methods="HRM.LoginTest.TC1_1" finished-at="2019-12-16T12:49:19Z">
          <reporter-output>
          </reporter-output>
        </test-method> <!-- TC1_11 -->
        <test-method status="PASS" signature="bclose()[pri:0, instance:HRM.LoginTest@82f6ef]" name="bclose" is-config="true" duration-ms="624" started-at="2019-12-16T12:49:19Z" finished-at="2019-12-16T12:49:20Z">
          <reporter-output>
          </reporter-output>
        </test-method> <!-- bclose -->
      </class> <!-- HRM.LoginTest -->
    </test> <!-- Default test -->
  </suite> <!-- Default suite -->
</testng-results>
